2022-05-15 21:30:39,744 INFO o.a.j.u.JMeterUtils: Setting Locale to en_EN
2022-05-15 21:30:39,751 INFO o.a.j.JMeter: Loading user properties from: user.properties
2022-05-15 21:30:39,752 INFO o.a.j.JMeter: Loading system properties from: system.properties
2022-05-15 21:30:39,756 INFO o.a.j.JMeter: Copyright (c) 1998-2021 The Apache Software Foundation
2022-05-15 21:30:39,756 INFO o.a.j.JMeter: Version 5.4.3
2022-05-15 21:30:39,756 INFO o.a.j.JMeter: java.version=1.8.0_261
2022-05-15 21:30:39,757 INFO o.a.j.JMeter: java.vm.name=Java HotSpot(TM) 64-Bit Server VM
2022-05-15 21:30:39,757 INFO o.a.j.JMeter: os.name=Windows 10
2022-05-15 21:30:39,757 INFO o.a.j.JMeter: os.arch=amd64
2022-05-15 21:30:39,757 INFO o.a.j.JMeter: os.version=10.0
2022-05-15 21:30:39,757 INFO o.a.j.JMeter: file.encoding=Cp1251
2022-05-15 21:30:39,757 INFO o.a.j.JMeter: java.awt.headless=null
2022-05-15 21:30:39,757 INFO o.a.j.JMeter: Max memory     =1073741824
2022-05-15 21:30:39,757 INFO o.a.j.JMeter: Available Processors =16
2022-05-15 21:30:39,759 INFO o.a.j.JMeter: Default Locale=English (EN)
2022-05-15 21:30:39,760 INFO o.a.j.JMeter: JMeter  Locale=English (EN)
2022-05-15 21:30:39,760 INFO o.a.j.JMeter: JMeterHome=C:\Users\User\Desktop\apache-jmeter-5.4.3
2022-05-15 21:30:39,760 INFO o.a.j.JMeter: user.dir  =C:\Users\User\Desktop\apache-jmeter-5.4.3\bin
2022-05-15 21:30:39,760 INFO o.a.j.JMeter: PWD       =C:\Users\User\Desktop\apache-jmeter-5.4.3\bin
2022-05-15 21:30:44,289 INFO o.a.j.JMeter: IP: 192.168.56.1 Name: SeeMemes-PC FullName: SeeMemes-PC
2022-05-15 21:30:44,334 INFO o.a.j.JMeter: Setting LAF to: laf:javax.swing.plaf.metal.MetalLookAndFeel
2022-05-15 21:30:44,473 INFO o.a.j.JMeter: Loaded icon properties from org/apache/jmeter/images/icon.properties
2022-05-15 21:30:45,440 INFO o.j.r.JARSourceHTTP: Found cached repo
2022-05-15 21:30:45,534 INFO o.j.r.PluginManager: Plugins Status: [jpgc-graphs-basic=Standard, jpgc-sense=Standard, jpgc-cmd=Standard, jpgc-graphs-composite=Standard, jpgc-csl=Standard, jpgc-functions=Standard, jpgc-casutg=2.10, jpgc-dummy=Standard, jpgc-ffw=Standard, jpgc-fifo=Standard, jpgc-mergeresults=Standard, jpgc-perfmon=Standard, jpgc-plugins-manager=1.7, jpgc-synthesis=Standard, jpgc-plancheck=Standard, jpgc-tst=Standard, jmeter-core=5.4.3, jmeter-ftp=5.4.3, jmeter-http=5.4.3, jmeter-jdbc=5.4.3, jmeter-jms=5.4.3, jmeter-junit=5.4.3, jmeter-java=5.4.3, jmeter-ldap=5.4.3, jmeter-mail=5.4.3, jmeter-mongodb=5.4.3, jmeter-native=5.4.3, jmeter-tcp=5.4.3, jmeter-components=5.4.3, jpgc-standard=2.0]
2022-05-15 21:30:46,425 WARN o.a.j.g.u.MenuFactory: Could not instantiate class: kg.apc.jmeter.reporters.LoadosophiaUploaderGui
java.lang.reflect.InvocationTargetException: null
	at sun.reflect.NativeConstructorAccessorImpl.newInstance0(Native Method) ~[?:1.8.0_261]
	at sun.reflect.NativeConstructorAccessorImpl.newInstance(Unknown Source) ~[?:1.8.0_261]
	at sun.reflect.DelegatingConstructorAccessorImpl.newInstance(Unknown Source) ~[?:1.8.0_261]
	at java.lang.reflect.Constructor.newInstance(Unknown Source) ~[?:1.8.0_261]
	at org.apache.jmeter.gui.util.MenuFactory.getGUIComponent(MenuFactory.java:207) ~[ApacheJMeter_core.jar:5.4.3]
	at org.apache.jmeter.gui.util.MenuFactory.initializeMenus(MenuFactory.java:151) ~[ApacheJMeter_core.jar:5.4.3]
	at org.apache.jmeter.gui.util.MenuFactory.<clinit>(MenuFactory.java:107) ~[ApacheJMeter_core.jar:5.4.3]
	at org.apache.jmeter.control.gui.TestPlanGui.createPopupMenu(TestPlanGui.java:94) ~[ApacheJMeter_core.jar:5.4.3]
	at org.apache.jmeter.gui.tree.JMeterTreeNode.createPopupMenu(JMeterTreeNode.java:184) ~[ApacheJMeter_core.jar:5.4.3]
	at org.apache.jmeter.gui.action.EditCommand.doAction(EditCommand.java:46) ~[ApacheJMeter_core.jar:5.4.3]
	at org.apache.jmeter.gui.action.ActionRouter.performAction(ActionRouter.java:87) ~[ApacheJMeter_core.jar:5.4.3]
	at org.apache.jmeter.gui.action.ActionRouter.lambda$actionPerformed$0(ActionRouter.java:69) ~[ApacheJMeter_core.jar:5.4.3]
	at java.awt.event.InvocationEvent.dispatch(Unknown Source) ~[?:1.8.0_261]
	at java.awt.EventQueue.dispatchEventImpl(Unknown Source) ~[?:1.8.0_261]
	at java.awt.EventQueue.access$500(Unknown Source) ~[?:1.8.0_261]
	at java.awt.EventQueue$3.run(Unknown Source) ~[?:1.8.0_261]
	at java.awt.EventQueue$3.run(Unknown Source) ~[?:1.8.0_261]
	at java.security.AccessController.doPrivileged(Native Method) ~[?:1.8.0_261]
	at java.security.ProtectionDomain$JavaSecurityAccessImpl.doIntersectionPrivilege(Unknown Source) ~[?:1.8.0_261]
	at java.awt.EventQueue.dispatchEvent(Unknown Source) ~[?:1.8.0_261]
	at java.awt.EventDispatchThread.pumpOneEventForFilters(Unknown Source) ~[?:1.8.0_261]
	at java.awt.EventDispatchThread.pumpEventsForFilter(Unknown Source) ~[?:1.8.0_261]
	at java.awt.EventDispatchThread.pumpEventsForFilter(Unknown Source) ~[?:1.8.0_261]
	at java.awt.WaitDispatchSupport$2.run(Unknown Source) ~[?:1.8.0_261]
	at java.awt.WaitDispatchSupport$4.run(Unknown Source) ~[?:1.8.0_261]
	at java.awt.WaitDispatchSupport$4.run(Unknown Source) ~[?:1.8.0_261]
	at java.security.AccessController.doPrivileged(Native Method) ~[?:1.8.0_261]
	at java.awt.WaitDispatchSupport.enter(Unknown Source) ~[?:1.8.0_261]
	at java.awt.Dialog.show(Unknown Source) ~[?:1.8.0_261]
	at java.awt.Component.show(Unknown Source) ~[?:1.8.0_261]
	at java.awt.Component.setVisible(Unknown Source) ~[?:1.8.0_261]
	at java.awt.Window.setVisible(Unknown Source) ~[?:1.8.0_261]
	at java.awt.Dialog.setVisible(Unknown Source) ~[?:1.8.0_261]
	at org.apache.jmeter.SplashScreen.lambda$showScreen$0(SplashScreen.java:95) ~[ApacheJMeter_core.jar:5.4.3]
	at java.awt.event.InvocationEvent.dispatch(Unknown Source) [?:1.8.0_261]
	at java.awt.EventQueue.dispatchEventImpl(Unknown Source) [?:1.8.0_261]
	at java.awt.EventQueue.access$500(Unknown Source) [?:1.8.0_261]
	at java.awt.EventQueue$3.run(Unknown Source) [?:1.8.0_261]
	at java.awt.EventQueue$3.run(Unknown Source) [?:1.8.0_261]
	at java.security.AccessController.doPrivileged(Native Method) ~[?:1.8.0_261]
	at java.security.ProtectionDomain$JavaSecurityAccessImpl.doIntersectionPrivilege(Unknown Source) [?:1.8.0_261]
	at java.awt.EventQueue.dispatchEvent(Unknown Source) [?:1.8.0_261]
	at java.awt.EventDispatchThread.pumpOneEventForFilters(Unknown Source) [?:1.8.0_261]
	at java.awt.EventDispatchThread.pumpEventsForFilter(Unknown Source) [?:1.8.0_261]
	at java.awt.EventDispatchThread.pumpEventsForHierarchy(Unknown Source) [?:1.8.0_261]
	at java.awt.EventDispatchThread.pumpEvents(Unknown Source) [?:1.8.0_261]
	at java.awt.EventDispatchThread.pumpEvents(Unknown Source) [?:1.8.0_261]
	at java.awt.EventDispatchThread.run(Unknown Source) [?:1.8.0_261]
Caused by: java.lang.NoClassDefFoundError: org/apache/commons/httpclient/methods/multipart/PartSource
	at kg.apc.jmeter.reporters.LoadosophiaUploaderGui.init(LoadosophiaUploaderGui.java:126) ~[JMeterPlugins-Standard.jar:?]
	at kg.apc.jmeter.reporters.LoadosophiaUploaderGui.<init>(LoadosophiaUploaderGui.java:32) ~[JMeterPlugins-Standard.jar:?]
	... 48 more
Caused by: java.lang.ClassNotFoundException: org.apache.commons.httpclient.methods.multipart.PartSource
	at java.net.URLClassLoader.findClass(Unknown Source) ~[?:1.8.0_261]
	at java.lang.ClassLoader.loadClass(Unknown Source) ~[?:1.8.0_261]
	at java.lang.ClassLoader.loadClass(Unknown Source) ~[?:1.8.0_261]
	at kg.apc.jmeter.reporters.LoadosophiaUploaderGui.init(LoadosophiaUploaderGui.java:126) ~[JMeterPlugins-Standard.jar:?]
	at kg.apc.jmeter.reporters.LoadosophiaUploaderGui.<init>(LoadosophiaUploaderGui.java:32) ~[JMeterPlugins-Standard.jar:?]
	... 48 more
2022-05-15 21:30:59,617 INFO o.a.j.s.FileServer: Default base='C:\Users\User\Desktop\apache-jmeter-5.4.3\bin'
2022-05-15 21:30:59,618 INFO o.a.j.g.a.Load: Loading file: C:\Users\User\Desktop\aqua\load-testing.jmx
2022-05-15 21:30:59,618 INFO o.a.j.s.FileServer: Set new base='C:\Users\User\Desktop\aqua'
2022-05-15 21:30:59,685 INFO o.a.j.s.SaveService: Testplan (JMX) version: 2.2. Testlog (JTL) version: 2.2
2022-05-15 21:30:59,690 INFO o.a.j.s.SaveService: Using SaveService properties file encoding UTF-8
2022-05-15 21:30:59,690 INFO o.a.j.s.SaveService: Using SaveService properties version 5.0
2022-05-15 21:30:59,692 INFO o.a.j.s.SaveService: Loading file: C:\Users\User\Desktop\aqua\load-testing.jmx
2022-05-15 21:30:59,764 INFO o.a.j.p.h.s.HTTPSamplerBase: Parser for text/html is org.apache.jmeter.protocol.http.parser.LagartoBasedHtmlParser
2022-05-15 21:30:59,764 INFO o.a.j.p.h.s.HTTPSamplerBase: Parser for application/xhtml+xml is org.apache.jmeter.protocol.http.parser.LagartoBasedHtmlParser
2022-05-15 21:30:59,764 INFO o.a.j.p.h.s.HTTPSamplerBase: Parser for application/xml is org.apache.jmeter.protocol.http.parser.LagartoBasedHtmlParser
2022-05-15 21:30:59,764 INFO o.a.j.p.h.s.HTTPSamplerBase: Parser for text/xml is org.apache.jmeter.protocol.http.parser.LagartoBasedHtmlParser
2022-05-15 21:30:59,764 INFO o.a.j.p.h.s.HTTPSamplerBase: Parser for text/vnd.wap.wml is org.apache.jmeter.protocol.http.parser.RegexpHTMLParser
2022-05-15 21:30:59,764 INFO o.a.j.p.h.s.HTTPSamplerBase: Parser for text/css is org.apache.jmeter.protocol.http.parser.CssParser
2022-05-15 21:30:59,838 INFO o.a.j.s.SampleResult: Note: Sample TimeStamps are START times
2022-05-15 21:30:59,838 INFO o.a.j.s.SampleResult: sampleresult.default.encoding is set to ISO-8859-1
2022-05-15 21:30:59,838 INFO o.a.j.s.SampleResult: sampleresult.useNanoTime=true
2022-05-15 21:30:59,838 INFO o.a.j.s.SampleResult: sampleresult.nanoThreadSleep=5000
2022-05-15 21:31:00,065 INFO o.a.j.s.FileServer: Set new base='C:\Users\User\Desktop\aqua'
2022-05-15 21:31:10,216 INFO o.a.j.e.StandardJMeterEngine: Running the test!
2022-05-15 21:31:10,216 INFO o.a.j.s.SampleEvent: List of sample_variables: []
2022-05-15 21:31:10,216 INFO o.a.j.s.SampleEvent: List of sample_variables: []
2022-05-15 21:31:10,217 INFO o.a.j.e.u.CompoundVariable: Note: Function class names must contain the string: '.functions.'
2022-05-15 21:31:10,217 INFO o.a.j.e.u.CompoundVariable: Note: Function class names must not contain the string: '.gui.'
2022-05-15 21:31:10,360 INFO o.a.j.g.u.JMeterMenuBar: setRunning(true, *local*)
2022-05-15 21:31:10,454 INFO o.a.j.e.StandardJMeterEngine: Starting ThreadGroup: 1 : Conf1
2022-05-15 21:31:10,454 INFO o.a.j.e.StandardJMeterEngine: Starting 5 threads for group Conf1.
2022-05-15 21:31:10,454 INFO o.a.j.e.StandardJMeterEngine: Thread will continue on error
2022-05-15 21:31:10,454 INFO o.a.j.t.ThreadGroup: Starting thread group... number=1 threads=5 ramp-up=1 delayedStart=false
2022-05-15 21:31:10,461 INFO o.a.j.t.ThreadGroup: Started thread group number 1
2022-05-15 21:31:10,461 INFO o.a.j.t.JMeterThread: Thread started: Conf1 1-1
2022-05-15 21:31:10,461 INFO o.a.j.e.StandardJMeterEngine: Waiting for thread group: Conf1 to finish before starting next group
2022-05-15 21:31:10,466 INFO o.a.j.p.h.s.HTTPHCAbstractImpl: Local host = SeeMemes-PC
2022-05-15 21:31:10,468 INFO o.a.j.p.h.s.HTTPHC4Impl: HTTP request retry count = 0
2022-05-15 21:31:10,656 INFO o.a.j.t.JMeterThread: Thread started: Conf1 1-2
2022-05-15 21:31:10,856 INFO o.a.j.t.JMeterThread: Thread started: Conf1 1-3
2022-05-15 21:31:11,056 INFO o.a.j.t.JMeterThread: Thread started: Conf1 1-4
2022-05-15 21:31:11,255 INFO o.a.j.t.JMeterThread: Thread started: Conf1 1-5
2022-05-15 21:32:17,078 INFO o.a.j.t.JMeterThread: Thread is done: Conf1 1-1
2022-05-15 21:32:17,078 INFO o.a.j.t.JMeterThread: Thread finished: Conf1 1-1
2022-05-15 21:32:18,777 INFO o.a.j.t.JMeterThread: Thread is done: Conf1 1-2
2022-05-15 21:32:18,778 INFO o.a.j.t.JMeterThread: Thread finished: Conf1 1-2
2022-05-15 21:32:18,973 INFO o.a.j.t.JMeterThread: Thread is done: Conf1 1-3
2022-05-15 21:32:18,973 INFO o.a.j.t.JMeterThread: Thread finished: Conf1 1-3
2022-05-15 21:32:19,168 INFO o.a.j.t.JMeterThread: Thread is done: Conf1 1-4
2022-05-15 21:32:19,168 INFO o.a.j.t.JMeterThread: Thread finished: Conf1 1-4
2022-05-15 21:32:19,374 INFO o.a.j.t.JMeterThread: Thread is done: Conf1 1-5
2022-05-15 21:32:19,374 INFO o.a.j.t.JMeterThread: Thread finished: Conf1 1-5
2022-05-15 21:32:19,374 INFO o.a.j.e.StandardJMeterEngine: Starting ThreadGroup: 2 : Conf2
2022-05-15 21:32:19,374 INFO o.a.j.e.StandardJMeterEngine: Starting 5 threads for group Conf2.
2022-05-15 21:32:19,374 INFO o.a.j.e.StandardJMeterEngine: Thread will continue on error
2022-05-15 21:32:19,374 INFO o.a.j.t.ThreadGroup: Starting thread group... number=2 threads=5 ramp-up=1 delayedStart=false
2022-05-15 21:32:19,375 INFO o.a.j.t.JMeterThread: Thread started: Conf2 2-1
2022-05-15 21:32:19,376 INFO o.a.j.t.ThreadGroup: Started thread group number 2
2022-05-15 21:32:19,376 INFO o.a.j.e.StandardJMeterEngine: Waiting for thread group: Conf2 to finish before starting next group
2022-05-15 21:32:19,579 INFO o.a.j.t.JMeterThread: Thread started: Conf2 2-2
2022-05-15 21:32:19,782 INFO o.a.j.t.JMeterThread: Thread started: Conf2 2-3
2022-05-15 21:32:19,984 INFO o.a.j.t.JMeterThread: Thread started: Conf2 2-4
2022-05-15 21:32:20,186 INFO o.a.j.t.JMeterThread: Thread started: Conf2 2-5
2022-05-15 21:33:24,293 INFO o.a.j.t.JMeterThread: Thread is done: Conf2 2-1
2022-05-15 21:33:24,293 INFO o.a.j.t.JMeterThread: Thread finished: Conf2 2-1
2022-05-15 21:33:25,994 INFO o.a.j.t.JMeterThread: Thread is done: Conf2 2-2
2022-05-15 21:33:25,994 INFO o.a.j.t.JMeterThread: Thread finished: Conf2 2-2
2022-05-15 21:33:27,694 INFO o.a.j.t.JMeterThread: Thread is done: Conf2 2-3
2022-05-15 21:33:27,694 INFO o.a.j.t.JMeterThread: Thread finished: Conf2 2-3
2022-05-15 21:33:27,898 INFO o.a.j.t.JMeterThread: Thread is done: Conf2 2-4
2022-05-15 21:33:27,898 INFO o.a.j.t.JMeterThread: Thread finished: Conf2 2-4
2022-05-15 21:33:28,103 INFO o.a.j.t.JMeterThread: Thread is done: Conf2 2-5
2022-05-15 21:33:28,103 INFO o.a.j.t.JMeterThread: Thread finished: Conf2 2-5
2022-05-15 21:33:28,103 INFO o.a.j.e.StandardJMeterEngine: Starting ThreadGroup: 3 : Conf3
2022-05-15 21:33:28,103 INFO o.a.j.e.StandardJMeterEngine: Starting 5 threads for group Conf3.
2022-05-15 21:33:28,103 INFO o.a.j.e.StandardJMeterEngine: Thread will continue on error
2022-05-15 21:33:28,103 INFO o.a.j.t.ThreadGroup: Starting thread group... number=3 threads=5 ramp-up=1 delayedStart=false
2022-05-15 21:33:28,104 INFO o.a.j.t.JMeterThread: Thread started: Conf3 3-1
2022-05-15 21:33:28,104 INFO o.a.j.t.ThreadGroup: Started thread group number 3
2022-05-15 21:33:28,104 INFO o.a.j.e.StandardJMeterEngine: All thread groups have been started
2022-05-15 21:33:28,304 INFO o.a.j.t.JMeterThread: Thread started: Conf3 3-2
2022-05-15 21:33:28,504 INFO o.a.j.t.JMeterThread: Thread started: Conf3 3-3
2022-05-15 21:33:28,704 INFO o.a.j.t.JMeterThread: Thread started: Conf3 3-4
2022-05-15 21:33:28,904 INFO o.a.j.t.JMeterThread: Thread started: Conf3 3-5
2022-05-15 21:34:31,422 INFO o.a.j.t.JMeterThread: Thread is done: Conf3 3-1
2022-05-15 21:34:31,422 INFO o.a.j.t.JMeterThread: Thread finished: Conf3 3-1
2022-05-15 21:34:33,119 INFO o.a.j.t.JMeterThread: Thread is done: Conf3 3-2
2022-05-15 21:34:33,119 INFO o.a.j.t.JMeterThread: Thread finished: Conf3 3-2
2022-05-15 21:34:34,825 INFO o.a.j.t.JMeterThread: Thread is done: Conf3 3-3
2022-05-15 21:34:34,825 INFO o.a.j.t.JMeterThread: Thread finished: Conf3 3-3
2022-05-15 21:34:36,517 INFO o.a.j.t.JMeterThread: Thread is done: Conf3 3-4
2022-05-15 21:34:36,518 INFO o.a.j.t.JMeterThread: Thread finished: Conf3 3-4
2022-05-15 21:34:36,720 INFO o.a.j.t.JMeterThread: Thread is done: Conf3 3-5
2022-05-15 21:34:36,720 INFO o.a.j.t.JMeterThread: Thread finished: Conf3 3-5
2022-05-15 21:34:36,720 INFO o.a.j.e.StandardJMeterEngine: Notifying test listeners of end of test
2022-05-15 21:34:36,721 INFO o.a.j.g.u.JMeterMenuBar: setRunning(false, *local*)
2022-05-15 21:39:30,573 INFO o.a.j.g.a.Load: Loading file: C:\Users\User\Desktop\aqua\stress-testing.jmx
2022-05-15 21:39:30,573 INFO o.a.j.s.FileServer: Set new base='C:\Users\User\Desktop\aqua'
2022-05-15 21:39:30,573 INFO o.a.j.s.SaveService: Loading file: C:\Users\User\Desktop\aqua\stress-testing.jmx
2022-05-15 21:39:30,618 INFO o.a.j.s.FileServer: Set new base='C:\Users\User\Desktop\aqua'
2022-05-15 21:41:51,931 INFO o.a.j.e.StandardJMeterEngine: Running the test!
2022-05-15 21:41:51,931 INFO o.a.j.s.SampleEvent: List of sample_variables: []
2022-05-15 21:41:51,932 INFO o.a.j.g.u.JMeterMenuBar: setRunning(true, *local*)
2022-05-15 21:41:52,028 INFO o.a.j.e.StandardJMeterEngine: Starting ThreadGroup: 1 : Stress1
2022-05-15 21:41:52,028 INFO o.a.j.e.StandardJMeterEngine: Starting 5 threads for group Stress1.
2022-05-15 21:41:52,028 INFO o.a.j.e.StandardJMeterEngine: Thread will continue on error
2022-05-15 21:41:52,028 INFO o.a.j.t.ThreadGroup: Starting thread group... number=1 threads=5 ramp-up=1 delayedStart=true
2022-05-15 21:41:52,029 INFO o.a.j.t.ThreadGroup: Started thread group number 1
2022-05-15 21:41:52,029 INFO o.a.j.e.StandardJMeterEngine: All thread groups have been started
2022-05-15 21:41:52,030 INFO o.a.j.t.JMeterThread: Thread started: Stress1 1-1
2022-05-15 21:41:52,283 INFO o.a.j.t.JMeterThread: Thread started: Stress1 1-2
2022-05-15 21:41:52,533 INFO o.a.j.t.JMeterThread: Thread started: Stress1 1-3
2022-05-15 21:41:52,782 INFO o.a.j.t.JMeterThread: Thread started: Stress1 1-4
2022-05-15 21:41:53,029 INFO o.a.j.t.JMeterThread: Thread started: Stress1 1-5
2022-05-15 21:42:24,323 INFO o.a.j.t.JMeterThread: Thread is done: Stress1 1-2
2022-05-15 21:42:24,323 INFO o.a.j.t.JMeterThread: Thread is done: Stress1 1-4
2022-05-15 21:42:24,323 INFO o.a.j.t.JMeterThread: Thread finished: Stress1 1-2
2022-05-15 21:42:24,323 INFO o.a.j.t.JMeterThread: Thread finished: Stress1 1-4
2022-05-15 21:42:24,323 INFO o.a.j.t.JMeterThread: Thread is done: Stress1 1-5
2022-05-15 21:42:24,323 INFO o.a.j.t.JMeterThread: Thread finished: Stress1 1-5
2022-05-15 21:42:26,092 INFO o.a.j.t.JMeterThread: Thread is done: Stress1 1-1
2022-05-15 21:42:26,092 INFO o.a.j.t.JMeterThread: Thread finished: Stress1 1-1
2022-05-15 21:42:50,335 INFO o.a.j.t.JMeterThread: Thread is done: Stress1 1-3
2022-05-15 21:42:50,335 INFO o.a.j.t.JMeterThread: Thread finished: Stress1 1-3
2022-05-15 21:42:50,335 INFO o.a.j.e.StandardJMeterEngine: Notifying test listeners of end of test
2022-05-15 21:42:50,335 INFO o.a.j.g.u.JMeterMenuBar: setRunning(false, *local*)
2022-05-15 21:46:42,594 INFO k.a.c.GraphPanelChart: Saving PNG to C:\Users\User\Desktop\aqua\stresstest1.png
2022-05-15 21:46:48,347 INFO k.a.c.GraphPanelChart: Saving CSV to C:\Users\User\Desktop\aqua\stresstest1.csv
2022-05-15 22:24:41,371 INFO o.a.j.e.StandardJMeterEngine: Running the test!
2022-05-15 22:24:41,371 INFO o.a.j.s.SampleEvent: List of sample_variables: []
2022-05-15 22:24:41,372 INFO o.a.j.g.u.JMeterMenuBar: setRunning(true, *local*)
2022-05-15 22:24:41,372 INFO o.a.j.e.StandardJMeterEngine: Starting ThreadGroup: 1 : Stress1
2022-05-15 22:24:41,372 INFO o.a.j.e.StandardJMeterEngine: Starting 5 threads for group Stress1.
2022-05-15 22:24:41,372 INFO o.a.j.e.StandardJMeterEngine: Thread will continue on error
2022-05-15 22:24:41,372 INFO o.a.j.t.ThreadGroup: Starting thread group... number=1 threads=5 ramp-up=1 delayedStart=true
2022-05-15 22:24:41,372 INFO o.a.j.t.ThreadGroup: Started thread group number 1
2022-05-15 22:24:41,372 INFO o.a.j.e.StandardJMeterEngine: All thread groups have been started
2022-05-15 22:24:41,384 INFO o.a.j.t.JMeterThread: Thread started: Stress1 1-1
2022-05-15 22:24:41,433 INFO o.a.j.t.JMeterThread: Thread is done: Stress1 1-1
2022-05-15 22:24:41,433 INFO o.a.j.t.JMeterThread: Thread finished: Stress1 1-1
2022-05-15 22:24:41,639 INFO o.a.j.t.JMeterThread: Thread started: Stress1 1-2
2022-05-15 22:24:41,887 INFO o.a.j.t.JMeterThread: Thread started: Stress1 1-3
2022-05-15 22:24:42,137 INFO o.a.j.t.JMeterThread: Thread started: Stress1 1-4
2022-05-15 22:24:42,382 INFO o.a.j.t.JMeterThread: Thread started: Stress1 1-5
2022-05-15 22:24:45,706 INFO o.a.j.t.JMeterThread: Thread is done: Stress1 1-2
2022-05-15 22:24:45,707 INFO o.a.j.t.JMeterThread: Thread finished: Stress1 1-2
2022-05-15 22:24:45,982 INFO o.a.j.t.JMeterThread: Thread is done: Stress1 1-3
2022-05-15 22:24:45,982 INFO o.a.j.t.JMeterThread: Thread finished: Stress1 1-3
2022-05-15 22:24:46,200 INFO o.a.j.t.JMeterThread: Thread is done: Stress1 1-4
2022-05-15 22:24:46,200 INFO o.a.j.t.JMeterThread: Thread finished: Stress1 1-4
2022-05-15 22:24:46,464 INFO o.a.j.t.JMeterThread: Thread is done: Stress1 1-5
2022-05-15 22:24:46,465 INFO o.a.j.t.JMeterThread: Thread finished: Stress1 1-5
2022-05-15 22:24:46,465 INFO o.a.j.e.StandardJMeterEngine: Notifying test listeners of end of test
2022-05-15 22:24:46,465 INFO o.a.j.g.u.JMeterMenuBar: setRunning(false, *local*)
2022-05-15 22:25:10,326 INFO o.a.j.e.StandardJMeterEngine: Running the test!
2022-05-15 22:25:10,326 INFO o.a.j.s.SampleEvent: List of sample_variables: []
2022-05-15 22:25:10,327 INFO o.a.j.g.u.JMeterMenuBar: setRunning(true, *local*)
2022-05-15 22:25:10,327 INFO o.a.j.e.StandardJMeterEngine: Starting ThreadGroup: 1 : Stress1
2022-05-15 22:25:10,327 INFO o.a.j.e.StandardJMeterEngine: Starting 5 threads for group Stress1.
2022-05-15 22:25:10,327 INFO o.a.j.e.StandardJMeterEngine: Thread will continue on error
2022-05-15 22:25:10,327 INFO o.a.j.t.ThreadGroup: Starting thread group... number=1 threads=5 ramp-up=1 delayedStart=true
2022-05-15 22:25:10,328 INFO o.a.j.t.ThreadGroup: Started thread group number 1
2022-05-15 22:25:10,328 INFO o.a.j.e.StandardJMeterEngine: All thread groups have been started
2022-05-15 22:25:10,329 INFO o.a.j.t.JMeterThread: Thread started: Stress1 1-1
2022-05-15 22:25:10,584 INFO o.a.j.t.JMeterThread: Thread started: Stress1 1-2
2022-05-15 22:25:10,832 INFO o.a.j.t.JMeterThread: Thread started: Stress1 1-3
2022-05-15 22:25:11,081 INFO o.a.j.t.JMeterThread: Thread started: Stress1 1-4
2022-05-15 22:25:11,328 INFO o.a.j.t.JMeterThread: Thread started: Stress1 1-5
2022-05-15 22:29:14,428 INFO o.a.j.t.JMeterThread: Thread is done: Stress1 1-5
2022-05-15 22:29:14,429 INFO o.a.j.t.JMeterThread: Thread finished: Stress1 1-5
2022-05-15 22:29:14,568 INFO o.a.j.t.JMeterThread: Thread is done: Stress1 1-3
2022-05-15 22:29:14,568 INFO o.a.j.t.JMeterThread: Thread finished: Stress1 1-3
2022-05-15 22:29:41,882 INFO o.a.j.g.a.Start: Stopping test
2022-05-15 22:29:41,887 INFO o.a.j.t.JMeterThread: Stopping: Stress1 1-4
2022-05-15 22:29:41,887 WARN o.a.j.t.JMeterThread: Interrupting: Stress1 1-4 sampler: HTTP HWC2
2022-05-15 22:29:41,887 INFO o.a.j.t.JMeterThread: Stopping: Stress1 1-1
2022-05-15 22:29:41,887 WARN o.a.j.t.JMeterThread: Interrupting: Stress1 1-1 sampler: HTTP HWC2
2022-05-15 22:29:41,887 INFO o.a.j.t.JMeterThread: Stopping: Stress1 1-2
2022-05-15 22:29:41,888 WARN o.a.j.t.JMeterThread: Interrupting: Stress1 1-2 sampler: HTTP HWC2
2022-05-15 22:29:41,888 INFO o.a.j.t.JMeterThread: Thread is done: Stress1 1-4
2022-05-15 22:29:41,888 INFO o.a.j.t.JMeterThread: Thread finished: Stress1 1-4
2022-05-15 22:29:41,888 INFO o.a.j.t.JMeterThread: Thread is done: Stress1 1-1
2022-05-15 22:29:41,888 INFO o.a.j.t.JMeterThread: Thread is done: Stress1 1-2
2022-05-15 22:29:41,888 INFO o.a.j.t.JMeterThread: Thread finished: Stress1 1-1
2022-05-15 22:29:41,888 INFO o.a.j.t.JMeterThread: Thread finished: Stress1 1-2
2022-05-15 22:29:41,888 INFO o.a.j.e.StandardJMeterEngine: Notifying test listeners of end of test
2022-05-15 22:29:41,889 INFO o.a.j.g.u.JMeterMenuBar: setRunning(false, *local*)
2022-05-15 22:29:55,556 INFO o.a.j.e.StandardJMeterEngine: Running the test!
2022-05-15 22:29:55,556 INFO o.a.j.s.SampleEvent: List of sample_variables: []
2022-05-15 22:29:55,557 INFO o.a.j.g.u.JMeterMenuBar: setRunning(true, *local*)
2022-05-15 22:29:55,557 INFO o.a.j.e.StandardJMeterEngine: Starting ThreadGroup: 1 : Stress1
2022-05-15 22:29:55,557 INFO o.a.j.e.StandardJMeterEngine: Starting 5 threads for group Stress1.
2022-05-15 22:29:55,557 INFO o.a.j.e.StandardJMeterEngine: Thread will continue on error
2022-05-15 22:29:55,560 INFO o.a.j.t.ThreadGroup: Starting thread group... number=1 threads=5 ramp-up=1 delayedStart=true
2022-05-15 22:29:55,560 INFO o.a.j.t.ThreadGroup: Started thread group number 1
2022-05-15 22:29:55,561 INFO o.a.j.e.StandardJMeterEngine: All thread groups have been started
2022-05-15 22:29:55,561 INFO o.a.j.t.JMeterThread: Thread started: Stress1 1-1
2022-05-15 22:29:55,825 INFO o.a.j.t.JMeterThread: Thread started: Stress1 1-2
2022-05-15 22:29:56,070 INFO o.a.j.t.JMeterThread: Thread started: Stress1 1-3
2022-05-15 22:29:56,316 INFO o.a.j.t.JMeterThread: Thread started: Stress1 1-4
2022-05-15 22:29:56,562 INFO o.a.j.t.JMeterThread: Thread started: Stress1 1-5
2022-05-15 22:30:08,307 INFO o.a.j.t.JMeterThread: Thread is done: Stress1 1-5
2022-05-15 22:30:08,307 INFO o.a.j.t.JMeterThread: Thread finished: Stress1 1-5
2022-05-15 22:30:08,777 INFO o.a.j.t.JMeterThread: Thread is done: Stress1 1-4
2022-05-15 22:30:08,778 INFO o.a.j.t.JMeterThread: Thread finished: Stress1 1-4
2022-05-15 22:30:09,793 INFO o.a.j.t.JMeterThread: Thread is done: Stress1 1-3
2022-05-15 22:30:09,793 INFO o.a.j.t.JMeterThread: Thread finished: Stress1 1-3
2022-05-15 22:31:09,439 INFO o.a.j.g.a.Start: Shutting test down
2022-05-15 22:31:09,442 INFO o.a.j.t.JMeterThread: Stopping: Stress1 1-1
2022-05-15 22:31:09,442 INFO o.a.j.t.JMeterThread: Stopping: Stress1 1-2
2022-05-15 22:31:09,561 INFO o.a.j.t.JMeterThread: Thread finished: Stress1 1-1
2022-05-15 22:31:09,781 INFO o.a.j.t.JMeterThread: Thread finished: Stress1 1-2
2022-05-15 22:31:09,782 INFO o.a.j.e.StandardJMeterEngine: Notifying test listeners of end of test
2022-05-15 22:31:09,783 INFO o.a.j.g.u.JMeterMenuBar: setRunning(false, *local*)
2022-05-15 22:31:14,933 INFO o.a.j.e.StandardJMeterEngine: Running the test!
2022-05-15 22:31:14,934 INFO o.a.j.s.SampleEvent: List of sample_variables: []
2022-05-15 22:31:14,934 INFO o.a.j.g.u.JMeterMenuBar: setRunning(true, *local*)
2022-05-15 22:31:14,935 INFO o.a.j.e.StandardJMeterEngine: Starting ThreadGroup: 1 : Stress1
2022-05-15 22:31:14,935 INFO o.a.j.e.StandardJMeterEngine: Starting 5 threads for group Stress1.
2022-05-15 22:31:14,935 INFO o.a.j.e.StandardJMeterEngine: Thread will continue on error
2022-05-15 22:31:14,935 INFO o.a.j.t.ThreadGroup: Starting thread group... number=1 threads=5 ramp-up=1 delayedStart=true
2022-05-15 22:31:14,935 INFO o.a.j.t.ThreadGroup: Started thread group number 1
2022-05-15 22:31:14,935 INFO o.a.j.e.StandardJMeterEngine: All thread groups have been started
2022-05-15 22:31:14,935 INFO o.a.j.t.JMeterThread: Thread started: Stress1 1-1
2022-05-15 22:31:15,187 INFO o.a.j.t.JMeterThread: Thread started: Stress1 1-2
2022-05-15 22:31:15,439 INFO o.a.j.t.JMeterThread: Thread started: Stress1 1-3
2022-05-15 22:31:15,689 INFO o.a.j.t.JMeterThread: Thread started: Stress1 1-4
2022-05-15 22:31:15,936 INFO o.a.j.t.JMeterThread: Thread started: Stress1 1-5
2022-05-15 22:31:59,998 INFO o.a.j.t.JMeterThread: Thread is done: Stress1 1-5
2022-05-15 22:31:59,998 INFO o.a.j.t.JMeterThread: Thread finished: Stress1 1-5
2022-05-15 22:32:00,374 INFO o.a.j.t.JMeterThread: Thread is done: Stress1 1-4
2022-05-15 22:32:00,374 INFO o.a.j.t.JMeterThread: Thread finished: Stress1 1-4
2022-05-15 22:32:00,562 INFO o.a.j.t.JMeterThread: Thread is done: Stress1 1-2
2022-05-15 22:32:00,562 INFO o.a.j.t.JMeterThread: Thread finished: Stress1 1-2
2022-05-15 22:34:17,366 INFO o.a.j.t.JMeterThread: Thread is done: Stress1 1-1
2022-05-15 22:34:17,366 INFO o.a.j.t.JMeterThread: Thread finished: Stress1 1-1
2022-05-15 22:34:21,462 INFO o.a.j.g.a.Start: Shutting test down
2022-05-15 22:34:21,465 INFO o.a.j.t.JMeterThread: Stopping: Stress1 1-3
2022-05-15 22:34:21,754 INFO o.a.j.t.JMeterThread: Thread finished: Stress1 1-3
2022-05-15 22:34:21,754 INFO o.a.j.e.StandardJMeterEngine: Notifying test listeners of end of test
2022-05-15 22:34:21,755 INFO o.a.j.g.u.JMeterMenuBar: setRunning(false, *local*)
2022-05-15 22:34:25,786 INFO o.a.j.e.StandardJMeterEngine: Running the test!
2022-05-15 22:34:25,786 INFO o.a.j.s.SampleEvent: List of sample_variables: []
2022-05-15 22:34:25,787 INFO o.a.j.g.u.JMeterMenuBar: setRunning(true, *local*)
2022-05-15 22:34:25,787 INFO o.a.j.e.StandardJMeterEngine: Starting ThreadGroup: 1 : Stress1
2022-05-15 22:34:25,787 INFO o.a.j.e.StandardJMeterEngine: Starting 5 threads for group Stress1.
2022-05-15 22:34:25,787 INFO o.a.j.e.StandardJMeterEngine: Thread will continue on error
2022-05-15 22:34:25,787 INFO o.a.j.t.ThreadGroup: Starting thread group... number=1 threads=5 ramp-up=1 delayedStart=true
2022-05-15 22:34:25,787 INFO o.a.j.t.ThreadGroup: Started thread group number 1
2022-05-15 22:34:25,787 INFO o.a.j.e.StandardJMeterEngine: All thread groups have been started
2022-05-15 22:34:25,790 INFO o.a.j.t.JMeterThread: Thread started: Stress1 1-1
2022-05-15 22:34:26,046 INFO o.a.j.t.JMeterThread: Thread started: Stress1 1-2
2022-05-15 22:34:26,293 INFO o.a.j.t.JMeterThread: Thread started: Stress1 1-3
2022-05-15 22:34:26,540 INFO o.a.j.t.JMeterThread: Thread started: Stress1 1-4
2022-05-15 22:34:26,787 INFO o.a.j.t.JMeterThread: Thread started: Stress1 1-5
2022-05-15 22:34:37,515 INFO o.a.j.t.JMeterThread: Thread is done: Stress1 1-3
2022-05-15 22:34:37,515 INFO o.a.j.t.JMeterThread: Thread is done: Stress1 1-1
2022-05-15 22:34:37,515 INFO o.a.j.t.JMeterThread: Thread finished: Stress1 1-3
2022-05-15 22:34:37,516 INFO o.a.j.t.JMeterThread: Thread finished: Stress1 1-1
2022-05-15 22:34:47,691 INFO o.a.j.g.a.Start: Stopping test
2022-05-15 22:34:47,694 INFO o.a.j.t.JMeterThread: Stopping: Stress1 1-2
2022-05-15 22:34:47,694 WARN o.a.j.t.JMeterThread: Interrupting: Stress1 1-2 sampler: HTTP HWC2
2022-05-15 22:34:47,695 INFO o.a.j.t.JMeterThread: Stopping: Stress1 1-4
2022-05-15 22:34:47,695 WARN o.a.j.t.JMeterThread: Interrupting: Stress1 1-4 sampler: HTTP HWC2
2022-05-15 22:34:47,695 INFO o.a.j.t.JMeterThread: Stopping: Stress1 1-5
2022-05-15 22:34:47,695 WARN o.a.j.t.JMeterThread: Interrupting: Stress1 1-5 sampler: HTTP HWC2
2022-05-15 22:34:47,696 INFO o.a.j.t.JMeterThread: Thread is done: Stress1 1-5
2022-05-15 22:34:47,696 INFO o.a.j.t.JMeterThread: Thread finished: Stress1 1-5
2022-05-15 22:34:47,696 INFO o.a.j.t.JMeterThread: Thread is done: Stress1 1-4
2022-05-15 22:34:47,696 INFO o.a.j.t.JMeterThread: Thread is done: Stress1 1-2
2022-05-15 22:34:47,696 INFO o.a.j.t.JMeterThread: Thread finished: Stress1 1-4
2022-05-15 22:34:47,696 INFO o.a.j.t.JMeterThread: Thread finished: Stress1 1-2
2022-05-15 22:34:47,696 INFO o.a.j.e.StandardJMeterEngine: Notifying test listeners of end of test
2022-05-15 22:34:47,696 INFO o.a.j.g.u.JMeterMenuBar: setRunning(false, *local*)
2022-05-15 22:42:06,677 INFO o.a.j.e.StandardJMeterEngine: Running the test!
2022-05-15 22:42:06,677 INFO o.a.j.s.SampleEvent: List of sample_variables: []
2022-05-15 22:42:06,678 INFO o.a.j.g.u.JMeterMenuBar: setRunning(true, *local*)
2022-05-15 22:42:06,780 INFO o.a.j.e.StandardJMeterEngine: Starting ThreadGroup: 1 : Stress1
2022-05-15 22:42:06,780 INFO o.a.j.e.StandardJMeterEngine: Starting 5 threads for group Stress1.
2022-05-15 22:42:06,780 INFO o.a.j.e.StandardJMeterEngine: Thread will continue on error
2022-05-15 22:42:06,780 INFO o.a.j.t.ThreadGroup: Starting thread group... number=1 threads=5 ramp-up=1 delayedStart=true
2022-05-15 22:42:06,780 INFO o.a.j.t.ThreadGroup: Started thread group number 1
2022-05-15 22:42:06,780 INFO o.a.j.e.StandardJMeterEngine: All thread groups have been started
2022-05-15 22:42:06,781 INFO o.a.j.t.JMeterThread: Thread started: Stress1 1-1
2022-05-15 22:42:07,031 INFO o.a.j.t.JMeterThread: Thread started: Stress1 1-2
2022-05-15 22:42:07,282 INFO o.a.j.t.JMeterThread: Thread started: Stress1 1-3
2022-05-15 22:42:07,532 INFO o.a.j.t.JMeterThread: Thread started: Stress1 1-4
2022-05-15 22:42:07,781 INFO o.a.j.t.JMeterThread: Thread started: Stress1 1-5
2022-05-15 22:42:26,639 INFO o.a.j.g.a.Start: Stopping test
2022-05-15 22:42:26,643 INFO o.a.j.t.JMeterThread: Stopping: Stress1 1-1
2022-05-15 22:42:26,643 WARN o.a.j.t.JMeterThread: Interrupting: Stress1 1-1 sampler: HTTP HWC2
2022-05-15 22:42:26,643 INFO o.a.j.t.JMeterThread: Stopping: Stress1 1-3
2022-05-15 22:42:26,643 WARN o.a.j.t.JMeterThread: Interrupting: Stress1 1-3 sampler: HTTP HWC2
2022-05-15 22:42:26,643 INFO o.a.j.t.JMeterThread: Stopping: Stress1 1-4
2022-05-15 22:42:26,644 WARN o.a.j.t.JMeterThread: Interrupting: Stress1 1-4 sampler: HTTP HWC2
2022-05-15 22:42:26,644 INFO o.a.j.t.JMeterThread: Stopping: Stress1 1-2
2022-05-15 22:42:26,644 WARN o.a.j.t.JMeterThread: Interrupting: Stress1 1-2 sampler: HTTP HWC2
2022-05-15 22:42:26,644 INFO o.a.j.t.JMeterThread: Stopping: Stress1 1-5
2022-05-15 22:42:26,644 WARN o.a.j.t.JMeterThread: Interrupting: Stress1 1-5 sampler: HTTP HWC2
2022-05-15 22:42:26,644 INFO o.a.j.t.JMeterThread: Shutdown Test detected by thread: Stress1 1-3
2022-05-15 22:42:26,644 INFO o.a.j.t.JMeterThread: Shutdown Test detected by thread: Stress1 1-1
2022-05-15 22:42:26,644 INFO o.a.j.t.JMeterThread: Shutdown Test detected by thread: Stress1 1-4
2022-05-15 22:42:26,644 INFO o.a.j.t.JMeterThread: Thread is done: Stress1 1-1
2022-05-15 22:42:26,644 INFO o.a.j.t.JMeterThread: Thread is done: Stress1 1-3
2022-05-15 22:42:26,644 INFO o.a.j.t.JMeterThread: Thread is done: Stress1 1-4
2022-05-15 22:42:26,644 INFO o.a.j.t.JMeterThread: Thread finished: Stress1 1-1
2022-05-15 22:42:26,644 INFO o.a.j.t.JMeterThread: Thread finished: Stress1 1-3
2022-05-15 22:42:26,644 INFO o.a.j.t.JMeterThread: Thread finished: Stress1 1-4
2022-05-15 22:42:26,644 INFO o.a.j.t.JMeterThread: Shutdown Test detected by thread: Stress1 1-5
2022-05-15 22:42:26,645 INFO o.a.j.t.JMeterThread: Shutdown Test detected by thread: Stress1 1-2
2022-05-15 22:42:26,645 INFO o.a.j.t.JMeterThread: Thread is done: Stress1 1-5
2022-05-15 22:42:26,645 INFO o.a.j.t.JMeterThread: Thread finished: Stress1 1-5
2022-05-15 22:42:26,645 INFO o.a.j.t.JMeterThread: Thread is done: Stress1 1-2
2022-05-15 22:42:26,645 INFO o.a.j.t.JMeterThread: Thread finished: Stress1 1-2
2022-05-15 22:42:26,645 INFO o.a.j.e.StandardJMeterEngine: Notifying test listeners of end of test
2022-05-15 22:42:26,645 INFO o.a.j.g.u.JMeterMenuBar: setRunning(false, *local*)
2022-05-15 22:42:31,375 INFO o.a.j.e.StandardJMeterEngine: Running the test!
2022-05-15 22:42:31,375 INFO o.a.j.s.SampleEvent: List of sample_variables: []
2022-05-15 22:42:31,376 INFO o.a.j.g.u.JMeterMenuBar: setRunning(true, *local*)
2022-05-15 22:42:31,376 INFO o.a.j.e.StandardJMeterEngine: Starting ThreadGroup: 1 : Stress1
2022-05-15 22:42:31,376 INFO o.a.j.e.StandardJMeterEngine: Starting 5 threads for group Stress1.
2022-05-15 22:42:31,376 INFO o.a.j.e.StandardJMeterEngine: Thread will continue on error
2022-05-15 22:42:31,376 INFO o.a.j.t.ThreadGroup: Starting thread group... number=1 threads=5 ramp-up=1 delayedStart=true
2022-05-15 22:42:31,376 INFO o.a.j.t.ThreadGroup: Started thread group number 1
2022-05-15 22:42:31,376 INFO o.a.j.e.StandardJMeterEngine: All thread groups have been started
2022-05-15 22:42:31,378 INFO o.a.j.t.JMeterThread: Thread started: Stress1 1-1
2022-05-15 22:42:31,639 INFO o.a.j.t.JMeterThread: Thread started: Stress1 1-2
2022-05-15 22:42:31,885 INFO o.a.j.t.JMeterThread: Thread started: Stress1 1-3
2022-05-15 22:42:32,131 INFO o.a.j.t.JMeterThread: Thread started: Stress1 1-4
2022-05-15 22:42:32,377 INFO o.a.j.t.JMeterThread: Thread started: Stress1 1-5
2022-05-15 22:43:48,705 INFO o.a.j.g.a.Start: Stopping test
2022-05-15 22:43:48,709 INFO o.a.j.t.JMeterThread: Stopping: Stress1 1-2
2022-05-15 22:43:48,709 WARN o.a.j.t.JMeterThread: Interrupting: Stress1 1-2 sampler: HTTP HWC2
2022-05-15 22:43:48,710 INFO o.a.j.t.JMeterThread: Stopping: Stress1 1-3
2022-05-15 22:43:48,710 WARN o.a.j.t.JMeterThread: Interrupting: Stress1 1-3 sampler: HTTP HWC2
2022-05-15 22:43:48,710 INFO o.a.j.t.JMeterThread: Stopping: Stress1 1-1
2022-05-15 22:43:48,710 WARN o.a.j.t.JMeterThread: Interrupting: Stress1 1-1 sampler: HTTP HWC2
2022-05-15 22:43:48,710 INFO o.a.j.t.JMeterThread: Stopping: Stress1 1-4
2022-05-15 22:43:48,710 WARN o.a.j.t.JMeterThread: Interrupting: Stress1 1-4 sampler: HTTP HWC2
2022-05-15 22:43:48,710 INFO o.a.j.t.JMeterThread: Shutdown Test detected by thread: Stress1 1-2
2022-05-15 22:43:48,711 INFO o.a.j.t.JMeterThread: Stopping: Stress1 1-5
2022-05-15 22:43:48,711 INFO o.a.j.t.JMeterThread: Thread is done: Stress1 1-2
2022-05-15 22:43:48,711 WARN o.a.j.t.JMeterThread: Interrupting: Stress1 1-5 sampler: HTTP HWC2
2022-05-15 22:43:48,711 INFO o.a.j.t.JMeterThread: Thread finished: Stress1 1-2
2022-05-15 22:43:48,711 INFO o.a.j.t.JMeterThread: Shutdown Test detected by thread: Stress1 1-3
2022-05-15 22:43:48,711 INFO o.a.j.t.JMeterThread: Thread is done: Stress1 1-3
2022-05-15 22:43:48,711 INFO o.a.j.t.JMeterThread: Shutdown Test detected by thread: Stress1 1-4
2022-05-15 22:43:48,711 INFO o.a.j.t.JMeterThread: Shutdown Test detected by thread: Stress1 1-1
2022-05-15 22:43:48,711 INFO o.a.j.t.JMeterThread: Thread finished: Stress1 1-3
2022-05-15 22:43:48,711 INFO o.a.j.t.JMeterThread: Thread is done: Stress1 1-4
2022-05-15 22:43:48,711 INFO o.a.j.t.JMeterThread: Thread is done: Stress1 1-1
2022-05-15 22:43:48,711 INFO o.a.j.t.JMeterThread: Thread finished: Stress1 1-4
2022-05-15 22:43:48,711 INFO o.a.j.t.JMeterThread: Thread finished: Stress1 1-1
2022-05-15 22:43:48,711 INFO o.a.j.t.JMeterThread: Shutdown Test detected by thread: Stress1 1-5
2022-05-15 22:43:48,711 INFO o.a.j.t.JMeterThread: Thread is done: Stress1 1-5
2022-05-15 22:43:48,711 INFO o.a.j.t.JMeterThread: Thread finished: Stress1 1-5
2022-05-15 22:43:48,711 INFO o.a.j.e.StandardJMeterEngine: Notifying test listeners of end of test
2022-05-15 22:43:48,712 INFO o.a.j.g.u.JMeterMenuBar: setRunning(false, *local*)
2022-05-15 22:43:50,627 INFO o.a.j.e.StandardJMeterEngine: Running the test!
2022-05-15 22:43:50,627 INFO o.a.j.s.SampleEvent: List of sample_variables: []
2022-05-15 22:43:50,628 INFO o.a.j.g.u.JMeterMenuBar: setRunning(true, *local*)
2022-05-15 22:43:50,629 INFO o.a.j.e.StandardJMeterEngine: Starting ThreadGroup: 1 : Stress1
2022-05-15 22:43:50,629 INFO o.a.j.e.StandardJMeterEngine: Starting 5 threads for group Stress1.
2022-05-15 22:43:50,629 INFO o.a.j.e.StandardJMeterEngine: Thread will continue on error
2022-05-15 22:43:50,629 INFO o.a.j.t.ThreadGroup: Starting thread group... number=1 threads=5 ramp-up=1 delayedStart=true
2022-05-15 22:43:50,629 INFO o.a.j.t.ThreadGroup: Started thread group number 1
2022-05-15 22:43:50,629 INFO o.a.j.e.StandardJMeterEngine: All thread groups have been started
2022-05-15 22:43:50,631 INFO o.a.j.t.JMeterThread: Thread started: Stress1 1-1
2022-05-15 22:43:50,892 INFO o.a.j.t.JMeterThread: Thread started: Stress1 1-2
2022-05-15 22:43:51,138 INFO o.a.j.t.JMeterThread: Thread started: Stress1 1-3
2022-05-15 22:43:51,384 INFO o.a.j.t.JMeterThread: Thread started: Stress1 1-4
2022-05-15 22:43:51,629 INFO o.a.j.t.JMeterThread: Thread started: Stress1 1-5
2022-05-15 22:44:55,866 INFO o.a.j.t.JMeterThread: Shutdown Test detected by thread: Stress1 1-1
2022-05-15 22:44:55,866 INFO o.a.j.t.JMeterThread: Shutdown Test detected by thread: Stress1 1-4
2022-05-15 22:44:55,866 INFO o.a.j.t.JMeterThread: Shutdown Test detected by thread: Stress1 1-3
2022-05-15 22:44:55,866 INFO o.a.j.t.JMeterThread: Thread is done: Stress1 1-1
2022-05-15 22:44:55,866 INFO o.a.j.t.JMeterThread: Thread is done: Stress1 1-3
2022-05-15 22:44:55,866 INFO o.a.j.t.JMeterThread: Thread finished: Stress1 1-1
2022-05-15 22:44:55,866 INFO o.a.j.t.JMeterThread: Thread finished: Stress1 1-3
2022-05-15 22:44:55,866 INFO o.a.j.t.JMeterThread: Thread is done: Stress1 1-4
2022-05-15 22:44:55,866 INFO o.a.j.t.JMeterThread: Stopping: Stress1 1-1
2022-05-15 22:44:55,867 INFO o.a.j.t.JMeterThread: Stopping: Stress1 1-1
2022-05-15 22:44:55,867 INFO o.a.j.t.JMeterThread: Stopping: Stress1 1-2
2022-05-15 22:44:55,867 INFO o.a.j.t.JMeterThread: Stopping: Stress1 1-2
2022-05-15 22:44:55,867 INFO o.a.j.t.JMeterThread: Stopping: Stress1 1-5
2022-05-15 22:44:55,867 INFO o.a.j.t.JMeterThread: Stopping: Stress1 1-5
2022-05-15 22:44:55,866 INFO o.a.j.t.JMeterThread: Thread finished: Stress1 1-4
2022-05-15 22:44:55,867 INFO o.a.j.t.JMeterThread: Stopping: Stress1 1-4
2022-05-15 22:44:55,867 INFO o.a.j.t.JMeterThread: Stopping: Stress1 1-1
2022-05-15 22:44:55,867 INFO o.a.j.t.JMeterThread: Stopping: Stress1 1-4
2022-05-15 22:44:55,867 INFO o.a.j.t.JMeterThread: Stopping: Stress1 1-2
2022-05-15 22:44:55,868 INFO o.a.j.t.JMeterThread: Stopping: Stress1 1-5
2022-05-15 22:44:55,946 INFO o.a.j.t.JMeterThread: Thread finished: Stress1 1-2
2022-05-15 22:44:55,972 INFO o.a.j.t.JMeterThread: Thread finished: Stress1 1-5
2022-05-15 22:44:55,973 INFO o.a.j.e.StandardJMeterEngine: Notifying test listeners of end of test
2022-05-15 22:44:55,973 INFO o.a.j.g.u.JMeterMenuBar: setRunning(false, *local*)
2022-05-15 22:45:02,290 INFO k.a.c.GraphPanelChart: Saving PNG to C:\Users\User\Desktop\aqua\stresstest1.png
2022-05-15 22:45:07,521 INFO k.a.c.GraphPanelChart: Saving CSV to C:\Users\User\Desktop\aqua\stresstest1.csv
2022-05-15 22:45:10,840 INFO k.a.c.GraphPanelChart: Saving PNG to C:\Users\User\Desktop\aqua\stresstest1.png
